\BOOKMARK [1][-]{section.1}{\376\377\230\171\166\356\200\314\146\157}{}% 1
\BOOKMARK [1][-]{section.2}{\376\377\230\204\131\007\167\345\213\306}{}% 2
\BOOKMARK [2][-]{subsection.2.1}{\376\377\127\060\134\102\147\204\220\040}{section.2}% 3
\BOOKMARK [3][-]{subsubsection.2.1.1}{\376\377\211\066\166\261\147\204\220\040}{subsection.2.1}% 4
\BOOKMARK [2][-]{subsection.2.2}{\376\377\145\255\134\102\147\204\220\040}{section.2}% 5
\BOOKMARK [2][-]{subsection.2.3}{\376\377\145\255\134\102\170\064\170\216\136\046}{section.2}% 6
\BOOKMARK [2][-]{subsection.2.4}{\376\377\134\251\134\102\116\247\162\266}{section.2}% 7
\BOOKMARK [2][-]{subsection.2.5}{\376\377\147\201\173\111\227\142\171\357\177\121\377\010\145\275\133\306\162\171\147\201\160\271\177\121\377\011}{section.2}% 8
\BOOKMARK [3][-]{subsubsection.2.5.1}{\376\377\142\225\137\161\123\237\164\006\377\010\121\160\117\057\162\171\173\111\171\357\142\225\137\161\154\325\377\011}{subsection.2.5}% 9
\BOOKMARK [3][-]{subsubsection.2.5.2}{\376\377\147\201\173\111\227\142\171\357\177\121}{subsection.2.5}% 10
\BOOKMARK [3][-]{subsubsection.2.5.3}{\376\377\147\204\142\020\122\006\147\220}{subsection.2.5}% 11
\BOOKMARK [2][-]{subsection.2.6}{\376\377\147\204\220\040\217\164\176\277\116\016\147\204\220\040\122\126\227\142}{section.2}% 12
\BOOKMARK [3][-]{subsubsection.2.6.1}{\376\377\147\204\220\040\217\164\176\277}{subsection.2.6}% 13
\BOOKMARK [3][-]{subsubsection.2.6.2}{\376\377\147\204\220\040\217\164\176\277\116\016\142\225\137\161\136\163\227\142\213\241\173\227}{subsection.2.6}% 14
\BOOKMARK [2][-]{subsection.2.7}{\376\377\127\372\116\216\206\333\177\121\154\325\166\204\147\204\220\040\122\126\227\142\165\037\142\020\173\227\154\325}{section.2}% 15
\BOOKMARK [1][-]{section.3}{\376\377\230\171\166\356\131\121\176\246}{}% 16
\BOOKMARK [1][-]{section.4}{\376\377\142\200\147\057\215\357\176\277}{}% 17
\BOOKMARK [2][-]{subsection.4.1}{\376\377\145\160\143\156\217\307\156\344}{section.4}% 18
\BOOKMARK [2][-]{subsection.4.2}{\376\377\147\204\220\040\122\126\227\142\165\037\142\020}{section.4}% 19
\BOOKMARK [2][-]{subsection.4.3}{\376\377\134\026\160\155\163\260\214\141\123\312\136\224\133\371\143\252\145\275}{section.4}% 20
\BOOKMARK [2][-]{subsection.4.4}{\376\377\173\200\123\026\140\305\121\265\377\032\116\214\176\364\123\125\145\234\147\204\220\040\122\126\227\142\165\037\142\020}{section.4}% 21
\BOOKMARK [1][-]{section.5}{\376\377\230\171\166\356\145\164\117\123\211\304\122\022}{}% 22
